  UI.cpp
E:\Programming\c++\RDR2_Base\RDR2_Base\invoker.h(81,3): warning C4984: 'if constexpr' is a C++17 language extension
E:\Programming\c++\RDR2_Base\RDR2_Base\invoker.h(81,3): message : This diagnostic occurred in the compiler generated function 'void Context::Push(T,Args...)'
E:\Programming\c++\RDR2_Base\RDR2_Base\invoker.h(68,10): warning C4244: 'return': conversion from 'uint64_t' to 'uint32_t', possible loss of data
E:\Programming\c++\RDR2_Base\RDR2_Base\invoker.h(111,112): warning C4244: '=': conversion from 'uint64_t' to 'uint32_t', possible loss of data
E:\Programming\c++\RDR2_Base\RDR2_Base\invoker.h(135,2): warning C4984: 'if constexpr' is a C++17 language extension
E:\Programming\c++\RDR2_Base\RDR2_Base\UI.cpp(26,33): warning C4244: 'argument': conversion from 'float' to 'int', possible loss of data
E:\Programming\c++\RDR2_Base\RDR2_Base\UI.cpp(26,30): warning C4244: 'argument': conversion from 'float' to 'int', possible loss of data
E:\Programming\c++\RDR2_Base\RDR2_Base\UI.cpp(26,27): warning C4244: 'argument': conversion from 'float' to 'int', possible loss of data
E:\Programming\c++\RDR2_Base\RDR2_Base\UI.cpp(26,24): warning C4244: 'argument': conversion from 'float' to 'int', possible loss of data
E:\Programming\c++\RDR2_Base\RDR2_Base\UI.cpp(92,60): warning C4244: 'argument': conversion from 'double' to 'float', possible loss of data
E:\Programming\c++\RDR2_Base\RDR2_Base\UI.cpp(98,85): warning C4244: 'argument': conversion from 'double' to 'float', possible loss of data
E:\Programming\c++\RDR2_Base\RDR2_Base\UI.cpp(124,108): warning C4244: 'argument': conversion from 'double' to 'float', possible loss of data
E:\Programming\c++\RDR2_Base\RDR2_Base\UI.cpp(128,106): warning C4244: 'argument': conversion from 'double' to 'float', possible loss of data
E:\Programming\c++\RDR2_Base\RDR2_Base\UI.cpp(157,12): warning C4244: 'initializing': conversion from 'ULONGLONG' to 'int', possible loss of data
LINK : warning LNK4098: defaultlib 'LIBCMT' conflicts with use of other libs; use /NODEFAULTLIB:library
  Generating code
  10 of 326 functions ( 3.1%) were compiled, the rest were copied from previous compilation.
    0 functions were new in current compilation
    3 functions had inline decision re-evaluated but remain unchanged
  Finished generating code
  RDR2_Base.vcxproj -> E:\Programming\c++\RDR2_Base\x64\Release\RDR2_Base.dll
